<?xml version="1.0" encoding="UTF-8"?>
<testng-results skipped="0" failed="0" ignored="0" total="1" passed="1">
  <reporter-output>
  </reporter-output>
  <suite name="Default suite" duration-ms="18251" started-at="2019-05-23T02:55:50Z" finished-at="2019-05-23T02:56:08Z">
    <groups>
    </groups>
    <test name="Default test" duration-ms="18251" started-at="2019-05-23T02:55:50Z" finished-at="2019-05-23T02:56:08Z">
      <class name="com.TestScenarios.FB_Login">
        <test-method status="PASS" signature="beforeClass(java.lang.String)[pri:0, instance:com.TestScenarios.FB_Login@27efef64]" name="beforeClass" is-config="true" duration-ms="4957" started-at="2019-05-23T02:55:50Z" finished-at="2019-05-23T02:55:55Z">
          <params>
            <param index="0">
              <value>
                <![CDATA[chrome]]>
              </value>
            </param>
          </params>
          <reporter-output>
          </reporter-output>
        </test-method> <!-- beforeClass -->
        <test-method status="PASS" signature="login()[pri:0, instance:com.TestScenarios.FB_Login@27efef64]" name="login" duration-ms="12055" started-at="2019-05-23T02:55:55Z" finished-at="2019-05-23T02:56:07Z">
          <reporter-output>
          </reporter-output>
        </test-method> <!-- login -->
        <test-method status="PASS" signature="afterMethod(org.testng.ITestResult)[pri:0, instance:com.TestScenarios.FB_Login@27efef64]" name="afterMethod" is-config="true" duration-ms="336" started-at="2019-05-23T02:56:07Z" finished-at="2019-05-23T02:56:07Z">
          <params>
            <param index="0">
              <value>
                <![CDATA[[TestResult name=login status=SUCCESS method=FB_Login.login()[pri:0, instance:com.TestScenarios.FB_Login@27efef64] output={null}]]]>
              </value>
            </param>
          </params>
          <reporter-output>
          </reporter-output>
        </test-method> <!-- afterMethod -->
        <test-method status="PASS" signature="afterClass()[pri:0, instance:com.TestScenarios.FB_Login@27efef64]" name="afterClass" is-config="true" duration-ms="846" started-at="2019-05-23T02:56:07Z" finished-at="2019-05-23T02:56:08Z">
          <reporter-output>
          </reporter-output>
        </test-method> <!-- afterClass -->
      </class> <!-- com.TestScenarios.FB_Login -->
    </test> <!-- Default test -->
  </suite> <!-- Default suite -->
</testng-results>
